2019/03/27 10:46:46 using port 8080
2019/03/27 10:46:46 using redirect url http://localhost:8080/callback
2019/03/27 10:46:46 Initializing 0 db file
2019/03/27 10:47:02 Got request for: /
2019/03/27 10:47:02 no client found for this user: 126154079
2019/03/27 10:47:02 Got request for: /favicon.ico
2019/03/27 10:47:02 no client found for this user: 126154079
2019/03/27 10:47:04 user id is 126154079
2019/03/27 10:47:04 Got request for: /favicon.ico
2019/03/27 10:47:04 Got a request to maange the playlist
2019/03/27 10:47:05 Got a request to maange the playlist
2019/03/27 10:47:05 Got request for: /favicon.ico
2019/03/27 10:47:05 Got a request to maange the playlist
2019/03/27 10:47:12 Got a request to build the playlist
2019/03/27 10:47:12 Got userID from cookie: 126154079
2019/03/27 10:47:12 unfollowed the existing playlist
2019/03/27 10:47:13 Created playlist
2019/03/27 10:47:13 diff: 0
2019/03/27 10:47:13 waiting for channel response 0
2019/03/27 10:47:15 there's another page for date 2019-03-27
2019/03/27 10:47:15 https://www.portlandmercury.com/events/music/2019-03-27?page=2&view_id=events
2019/03/27 10:47:15 end of listings for date 2019-03-27
2019/03/27 10:47:15 scrapeDates got one channel response
2019/03/27 10:47:15 All artists: [Cass McCombs Performs at Aladdin Theater on March 27 Ry X celebrates new album Unfurl at the Aladdin Theater on April 1st bed. Rainbow Electric  Spyn Reset Stephen Kellogg Cass McCombs  Sam Evian Ramblin' Jack Elliott Com Truise  Jack Grace  ginla Susto The Bright Light Social Hour  Sea Moya  Help Devin Phillips Atom 13 Julie Amici Scott Yoder  Ezza Rose  Annachristie Sapphire Bumper Jacksons 10 Groverfield Lane  Psyclops  Bert Olsen  Kid Coast  Charley No Face A Night of Music & Verse in the Heart of PDX Pickathon Curation Dinner Aborted  Cryptopsy  Benighted  Hideous Divinity  Mazaroth Headphone  Ghost Motor Gothic Lounge Portland Thorns Spring Invitational The Fenix Project Anson Wright Duo The Damn Straight Wednesday Night Zydeco Christopher Brown Quartet Night Shift KPSU DJs Total Request Nite King Fader Laser Vision Dubblife Cass McCombs Performs at Aladdin Theater on March 27 Ry X celebrates new album Unfurl at the Aladdin Theater on April 1st Tallulah's Daddy TRONix: Logical Aggression Psychopomp DJ Derek]
2019/03/27 10:47:15 found 55 artists
2019/03/27 10:47:15 kicking off artist Cass McCombs Performs at Aladdin Theater on March 27
2019/03/27 10:47:15 kicking off artist Ry X celebrates new album Unfurl at the Aladdin Theater on April 1st
2019/03/27 10:47:15 kicking off artist bed.
2019/03/27 10:47:15 kicking off artist Rainbow Electric
2019/03/27 10:47:15 starting artist Cass McCombs Performs at Aladdin Theater on March 27
2019/03/27 10:47:15 starting artist Ry X celebrates new album Unfurl at the Aladdin Theater on April 1st
2019/03/27 10:47:15 kicking off artist Spyn Reset
2019/03/27 10:47:15 kicking off artist Stephen Kellogg
2019/03/27 10:47:15 starting artist Rainbow Electric
2019/03/27 10:47:15 starting artist bed.
2019/03/27 10:47:15 kicking off artist Cass McCombs
2019/03/27 10:47:15 kicking off artist Sam Evian
2019/03/27 10:47:15 got id for artist bed.
2019/03/27 10:47:15 starting artist Cass McCombs
2019/03/27 10:47:15 got id for artist Cass McCombs
2019/03/27 10:47:15 kicking off artist Ramblin' Jack Elliott
2019/03/27 10:47:15 kicking off artist Com Truise
2019/03/27 10:47:15 starting artist Stephen Kellogg
2019/03/27 10:47:15 starting artist Ramblin' Jack Elliott
2019/03/27 10:47:15 starting artist Sam Evian
2019/03/27 10:47:15 got id for artist Stephen Kellogg
2019/03/27 10:47:15 kicking off artist Jack Grace
2019/03/27 10:47:15 got id for artist Sam Evian
2019/03/27 10:47:15 starting artist Jack Grace
2019/03/27 10:47:15 got id for artist Jack Grace
2019/03/27 10:47:15 got id for artist Ramblin' Jack Elliott
2019/03/27 10:47:15 starting artist Com Truise
2019/03/27 10:47:15 got id for artist Com Truise
2019/03/27 10:47:15 starting artist Spyn Reset
2019/03/27 10:47:15 kicking off artist ginla
2019/03/27 10:47:15 kicking off artist Susto
2019/03/27 10:47:15 got id for artist Spyn Reset
2019/03/27 10:47:15 kicking off artist The Bright Light Social Hour
2019/03/27 10:47:15 kicking off artist Sea Moya
2019/03/27 10:47:15 kicking off artist Help
2019/03/27 10:47:15 kicking off artist Devin Phillips
2019/03/27 10:47:15 kicking off artist Atom 13
2019/03/27 10:47:15 starting artist Sea Moya
2019/03/27 10:47:15 starting artist The Bright Light Social Hour
2019/03/27 10:47:15 kicking off artist Julie Amici
2019/03/27 10:47:15 kicking off artist Scott Yoder
2019/03/27 10:47:15 starting artist Susto
2019/03/27 10:47:15 starting artist ginla
2019/03/27 10:47:15 starting artist Atom 13
2019/03/27 10:47:15 got id for artist Susto
2019/03/27 10:47:15 got id for artist ginla
2019/03/27 10:47:15 starting artist Help
2019/03/27 10:47:15 starting artist Devin Phillips
2019/03/27 10:47:15 got id for artist Devin Phillips
2019/03/27 10:47:15 got id for artist Sea Moya
2019/03/27 10:47:15 kicking off artist Ezza Rose
2019/03/27 10:47:15 kicking off artist Annachristie Sapphire
2019/03/27 10:47:15 starting artist Scott Yoder
2019/03/27 10:47:15 starting artist Ezza Rose
2019/03/27 10:47:15 got id for artist Scott Yoder
2019/03/27 10:47:15 got id for artist The Bright Light Social Hour
2019/03/27 10:47:15 got id for artist Ezza Rose
2019/03/27 10:47:15 starting artist Julie Amici
2019/03/27 10:47:15 got id for artist Julie Amici
2019/03/27 10:47:15 kicking off artist Bumper Jacksons
2019/03/27 10:47:15 kicking off artist 10 Groverfield Lane
2019/03/27 10:47:15 kicking off artist Psyclops
2019/03/27 10:47:15 kicking off artist Bert Olsen
2019/03/27 10:47:15 starting artist Annachristie Sapphire
2019/03/27 10:47:15 starting artist Bumper Jacksons
2019/03/27 10:47:15 kicking off artist Kid Coast
2019/03/27 10:47:15 kicking off artist Charley No Face
2019/03/27 10:47:15 starting artist Bert Olsen
2019/03/27 10:47:15 starting artist 10 Groverfield Lane
2019/03/27 10:47:15 got id for artist Bert Olsen
2019/03/27 10:47:15 starting artist Psyclops
2019/03/27 10:47:15 got id for artist Annachristie Sapphire
2019/03/27 10:47:15 got id for artist Psyclops
2019/03/27 10:47:15 kicking off artist A Night of Music & Verse in the Heart of PDX
2019/03/27 10:47:15 kicking off artist Pickathon Curation Dinner
2019/03/27 10:47:15 kicking off artist Aborted
2019/03/27 10:47:15 kicking off artist Cryptopsy
2019/03/27 10:47:15 kicking off artist Benighted
2019/03/27 10:47:15 kicking off artist Hideous Divinity
2019/03/27 10:47:15 kicking off artist Mazaroth
2019/03/27 10:47:15 kicking off artist Headphone
2019/03/27 10:47:15 kicking off artist Ghost Motor
2019/03/27 10:47:15 kicking off artist Gothic Lounge
2019/03/27 10:47:15 kicking off artist Portland Thorns Spring Invitational
2019/03/27 10:47:15 kicking off artist The Fenix Project
2019/03/27 10:47:15 kicking off artist Anson Wright Duo
2019/03/27 10:47:15 kicking off artist The Damn Straight
2019/03/27 10:47:15 kicking off artist Wednesday Night Zydeco
2019/03/27 10:47:15 kicking off artist Christopher Brown Quartet
2019/03/27 10:47:15 kicking off artist Night Shift
2019/03/27 10:47:15 starting artist Headphone
2019/03/27 10:47:15 starting artist Christopher Brown Quartet
2019/03/27 10:47:15 starting artist Aborted
2019/03/27 10:47:15 starting artist Hideous Divinity
2019/03/27 10:47:15 starting artist Mazaroth
2019/03/27 10:47:15 starting artist Cryptopsy
2019/03/27 10:47:15 got id for artist Hideous Divinity
2019/03/27 10:47:15 got id for artist Headphone
2019/03/27 10:47:15 got id for artist Aborted
2019/03/27 10:47:15 starting artist A Night of Music & Verse in the Heart of PDX
2019/03/27 10:47:15 starting artist Kid Coast
2019/03/27 10:47:15 kicking off artist KPSU DJs
2019/03/27 10:47:15 starting artist Night Shift
2019/03/27 10:47:15 starting artist KPSU DJs
2019/03/27 10:47:15 got id for artist Night Shift
2019/03/27 10:47:15 starting artist Ghost Motor
2019/03/27 10:47:15 got id for artist Ghost Motor
2019/03/27 10:47:15 starting artist Gothic Lounge
2019/03/27 10:47:15 starting artist Portland Thorns Spring Invitational
2019/03/27 10:47:15 starting artist The Fenix Project
2019/03/27 10:47:15 starting artist Anson Wright Duo
2019/03/27 10:47:15 starting artist The Damn Straight
2019/03/27 10:47:15 starting artist Wednesday Night Zydeco
2019/03/27 10:47:15 starting artist Pickathon Curation Dinner
2019/03/27 10:47:15 starting artist Benighted
2019/03/27 10:47:15 got id for artist Benighted
2019/03/27 10:47:15 got id for artist Cryptopsy
2019/03/27 10:47:15 starting artist Charley No Face
2019/03/27 10:47:15 kicking off artist Total Request Nite
2019/03/27 10:47:15 starting artist Total Request Nite
2019/03/27 10:47:15 kicking off artist King Fader Laser Vision
2019/03/27 10:47:15 kicking off artist Dubblife
2019/03/27 10:47:15 kicking off artist Cass McCombs Performs at Aladdin Theater on March 27
2019/03/27 10:47:15 starting artist Dubblife
2019/03/27 10:47:15 starting artist Cass McCombs Performs at Aladdin Theater on March 27
2019/03/27 10:47:15 starting artist King Fader Laser Vision
2019/03/27 10:47:15 kicking off artist Ry X celebrates new album Unfurl at the Aladdin Theater on April 1st
2019/03/27 10:47:15 kicking off artist Tallulah's Daddy
2019/03/27 10:47:15 kicking off artist TRONix: Logical Aggression
2019/03/27 10:47:15 kicking off artist Psychopomp
2019/03/27 10:47:15 kicking off artist DJ Derek
2019/03/27 10:47:15 starting artist DJ Derek
2019/03/27 10:47:15 got id for artist DJ Derek
2019/03/27 10:47:15 starting artist Ry X celebrates new album Unfurl at the Aladdin Theater on April 1st
2019/03/27 10:47:15 starting artist TRONix: Logical Aggression
2019/03/27 10:47:15 starting artist Psychopomp
2019/03/27 10:47:15 got id for artist Psychopomp
2019/03/27 10:47:15 starting artist Tallulah's Daddy
2019/03/27 10:47:15 got id for artist Tallulah's Daddy
2019/03/27 10:47:19 adding tracks for artist Cass McCombs
2019/03/27 10:47:19 Could not locate artist Rainbow Electric 
2019/03/27 10:47:19 defering artist Rainbow Electric
2019/03/27 10:47:19 adding tracks for artist Sam Evian
2019/03/27 10:47:19 Could not locate artist Gothic Lounge 
2019/03/27 10:47:19 defering artist Gothic Lounge
2019/03/27 10:47:19 adding tracks for artist Aborted
2019/03/27 10:47:19 adding tracks for artist Jack Grace
2019/03/27 10:47:19 Could not locate artist Portland Thorns Spring Invitational 
2019/03/27 10:47:19 defering artist Portland Thorns Spring Invitational
2019/03/27 10:47:19 adding tracks for artist Devin Phillips
2019/03/27 10:47:19 Could not locate artist Cass McCombs Performs at Aladdin Theater on March 27 
2019/03/27 10:47:19 defering artist Cass McCombs Performs at Aladdin Theater on March 27
2019/03/27 10:47:19 adding tracks for artist Sea Moya
2019/03/27 10:47:19 Could not locate artist Mazaroth 
2019/03/27 10:47:19 defering artist Mazaroth
2019/03/27 10:47:19 Could not locate artist The Damn Straight 
2019/03/27 10:47:19 defering artist The Damn Straight
2019/03/27 10:47:19 Could not locate artist KPSU DJs 
2019/03/27 10:47:19 defering artist KPSU DJs
2019/03/27 10:47:19 Could not locate artist Dubblife 
2019/03/27 10:47:19 defering artist Dubblife
2019/03/27 10:47:19 Could not locate artist Kid Coast 
2019/03/27 10:47:19 defering artist Kid Coast
2019/03/27 10:47:19 adding tracks for artist Annachristie Sapphire
2019/03/27 10:47:19 Could not locate artist Christopher Brown Quartet 
2019/03/27 10:47:19 defering artist Christopher Brown Quartet
2019/03/27 10:47:19 Could not locate artist Cass McCombs Performs at Aladdin Theater on March 27 
2019/03/27 10:47:19 defering artist Cass McCombs Performs at Aladdin Theater on March 27
2019/03/27 10:47:19 Could not locate artist Ry X celebrates new album Unfurl at the Aladdin Theater on April 1st 
2019/03/27 10:47:19 defering artist Ry X celebrates new album Unfurl at the Aladdin Theater on April 1st
2019/03/27 10:47:19 adding tracks for artist DJ Derek
2019/03/27 10:47:19 Could not locate artist TRONix: Logical Aggression 
2019/03/27 10:47:19 defering artist TRONix: Logical Aggression
2019/03/27 10:47:19 Could not locate artist King Fader Laser Vision 
2019/03/27 10:47:19 defering artist King Fader Laser Vision
2019/03/27 10:47:19 adding tracks for artist Julie Amici
2019/03/27 10:47:19 adding tracks for artist Night Shift
2019/03/27 10:47:19 adding tracks for artist Tallulah's Daddy
2019/03/27 10:47:19 adding tracks for artist Cryptopsy
2019/03/27 10:47:19 adding tracks for artist Scott Yoder
2019/03/27 10:47:19 adding tracks for artist Psyclops
2019/03/27 10:47:19 Could not locate artist Wednesday Night Zydeco 
2019/03/27 10:47:19 defering artist Wednesday Night Zydeco
2019/03/27 10:47:19 Could not locate artist Atom 13 
2019/03/27 10:47:19 defering artist Atom 13
2019/03/27 10:47:19 adding tracks for artist The Bright Light Social Hour
2019/03/27 10:47:19 Could not locate artist The Fenix Project 
2019/03/27 10:47:19 defering artist The Fenix Project
2019/03/27 10:47:19 adding tracks for artist bed.
2019/03/27 10:47:19 Could not locate artist Charley No Face 
2019/03/27 10:47:19 defering artist Charley No Face
2019/03/27 10:47:19 adding tracks for artist Com Truise
2019/03/27 10:47:19 Could not locate artist Pickathon Curation Dinner 
2019/03/27 10:47:19 defering artist Pickathon Curation Dinner
2019/03/27 10:47:19 adding tracks for artist Ramblin' Jack Elliott
2019/03/27 10:47:19 adding tracks for artist Bert Olsen
2019/03/27 10:47:19 Could not locate artist Anson Wright Duo 
2019/03/27 10:47:19 defering artist Anson Wright Duo
2019/03/27 10:47:19 adding tracks for artist Psychopomp
2019/03/27 10:47:19 Could not locate artist Total Request Nite 
2019/03/27 10:47:19 defering artist Total Request Nite
2019/03/27 10:47:19 adding tracks for artist Ezza Rose
2019/03/27 10:47:19 Could not locate artist Ry X celebrates new album Unfurl at the Aladdin Theater on April 1st 
2019/03/27 10:47:19 defering artist Ry X celebrates new album Unfurl at the Aladdin Theater on April 1st
2019/03/27 10:47:19 adding tracks for artist Stephen Kellogg
2019/03/27 10:47:19 adding tracks for artist Benighted
2019/03/27 10:47:19 Could not locate artist Bumper Jacksons 
2019/03/27 10:47:19 defering artist Bumper Jacksons
2019/03/27 10:47:19 Could not locate artist 10 Groverfield Lane 
2019/03/27 10:47:19 defering artist 10 Groverfield Lane
2019/03/27 10:47:19 adding tracks for artist Headphone
2019/03/27 10:47:19 adding tracks for artist Ghost Motor
2019/03/27 10:47:19 adding tracks for artist ginla
2019/03/27 10:47:19 Could not locate artist A Night of Music & Verse in the Heart of PDX 
2019/03/27 10:47:19 defering artist A Night of Music & Verse in the Heart of PDX
2019/03/27 10:47:19 adding tracks for artist Susto
2019/03/27 10:47:19 adding tracks for artist Hideous Divinity
2019/03/27 10:47:19 Could not locate artist Help 
2019/03/27 10:47:19 defering artist Help
2019/03/27 10:47:19 done adding tracks for artist Cass McCombs
2019/03/27 10:47:19 defering artist Cass McCombs
2019/03/27 10:47:19 done adding tracks for artist Jack Grace
2019/03/27 10:47:19 defering artist Jack Grace
2019/03/27 10:47:19 done adding tracks for artist Aborted
2019/03/27 10:47:19 defering artist Aborted
2019/03/27 10:47:19 done adding tracks for artist Sea Moya
2019/03/27 10:47:19 defering artist Sea Moya
2019/03/27 10:47:19 done adding tracks for artist Com Truise
2019/03/27 10:47:19 defering artist Com Truise
2019/03/27 10:47:19 done adding tracks for artist DJ Derek
2019/03/27 10:47:19 defering artist DJ Derek
2019/03/27 10:47:19 done adding tracks for artist Sam Evian
2019/03/27 10:47:19 defering artist Sam Evian
2019/03/27 10:47:19 done adding tracks for artist Julie Amici
2019/03/27 10:47:19 defering artist Julie Amici
2019/03/27 10:47:19 done adding tracks for artist Night Shift
2019/03/27 10:47:19 defering artist Night Shift
2019/03/27 10:47:19 done adding tracks for artist Cryptopsy
2019/03/27 10:47:19 defering artist Cryptopsy
2019/03/27 10:47:19 done adding tracks for artist Tallulah's Daddy
2019/03/27 10:47:19 defering artist Tallulah's Daddy
2019/03/27 10:47:19 done adding tracks for artist Stephen Kellogg
2019/03/27 10:47:19 defering artist Stephen Kellogg
2019/03/27 10:47:19 done adding tracks for artist Scott Yoder
2019/03/27 10:47:19 done adding tracks for artist The Bright Light Social Hour
2019/03/27 10:47:19 defering artist The Bright Light Social Hour
2019/03/27 10:47:19 defering artist Scott Yoder
2019/03/27 10:47:19 done adding tracks for artist Annachristie Sapphire
2019/03/27 10:47:19 defering artist Annachristie Sapphire
2019/03/27 10:47:19 done adding tracks for artist Psychopomp
2019/03/27 10:47:19 defering artist Psychopomp
2019/03/27 10:47:19 done adding tracks for artist Psyclops
2019/03/27 10:47:19 defering artist Psyclops
2019/03/27 10:47:19 done adding tracks for artist Headphone
2019/03/27 10:47:19 defering artist Headphone
2019/03/27 10:47:19 done adding tracks for artist Bert Olsen
2019/03/27 10:47:19 defering artist Bert Olsen
2019/03/27 10:47:19 done adding tracks for artist ginla
2019/03/27 10:47:19 defering artist ginla
2019/03/27 10:47:19 done adding tracks for artist bed.
2019/03/27 10:47:19 defering artist bed.
2019/03/27 10:47:19 done adding tracks for artist Ramblin' Jack Elliott
2019/03/27 10:47:19 defering artist Ramblin' Jack Elliott
2019/03/27 10:47:19 done adding tracks for artist Ghost Motor
2019/03/27 10:47:19 defering artist Ghost Motor
2019/03/27 10:47:19 done adding tracks for artist Ezza Rose
2019/03/27 10:47:19 defering artist Ezza Rose
2019/03/27 10:47:19 done adding tracks for artist Devin Phillips
2019/03/27 10:47:19 defering artist Devin Phillips
2019/03/27 10:47:19 done adding tracks for artist Benighted
2019/03/27 10:47:19 defering artist Benighted
2019/03/27 10:47:19 done adding tracks for artist Susto
2019/03/27 10:47:19 defering artist Susto
2019/03/27 10:47:19 done adding tracks for artist Hideous Divinity
2019/03/27 10:47:19 defering artist Hideous Divinity
2019/03/27 10:47:19 adding tracks for artist Spyn Reset
2019/03/27 10:47:19 done adding tracks for artist Spyn Reset
2019/03/27 10:47:19 defering artist Spyn Reset
2019/03/27 10:47:20 Got request for: /favicon.ico
2019/03/27 10:47:20 Got a request to maange the playlist
